SF:lib\utils\exception.dart
DA:6,4
LF:1
LH:1
end_of_record
SF:lib\data\datasources\movie_local_data_source.dart
DA:15,1
DA:18,1
DA:20,3
DA:23,2
DA:28,1
DA:30,3
DA:33,2
DA:38,1
DA:39,3
DA:41,1
DA:48,1
DA:49,3
DA:50,4
LF:13
LH:13
end_of_record
SF:lib\data\models\movie_table.dart
DA:11,2
DA:18,2
DA:19,1
DA:20,1
DA:21,1
DA:22,1
DA:25,2
DA:26,1
DA:27,1
DA:28,1
DA:29,1
DA:32,0
DA:33,0
DA:34,0
DA:35,0
DA:36,0
DA:39,2
DA:40,1
DA:41,1
DA:42,1
DA:43,1
DA:46,2
DA:48,10
LF:23
LH:18
end_of_record
SF:lib\data\models\tv\tv_table.dart
DA:11,2
DA:18,2
DA:19,1
DA:20,1
DA:21,1
DA:22,1
DA:25,2
DA:26,1
DA:27,1
DA:28,1
DA:29,1
DA:32,0
DA:33,0
DA:34,0
DA:35,0
DA:36,0
DA:39,2
DA:40,1
DA:41,1
DA:42,1
DA:43,1
DA:46,2
DA:48,10
LF:23
LH:18
end_of_record
SF:lib\domain\entities\genre.dart
DA:4,10
DA:12,2
DA:13,6
LF:3
LH:3
end_of_record
SF:lib\domain\entities\movie.dart
DA:4,7
DA:20,1
DA:41,2
DA:42,2
DA:43,2
DA:44,2
DA:45,2
DA:46,2
DA:47,2
DA:48,2
DA:49,2
DA:50,2
DA:51,2
DA:52,2
DA:53,2
DA:54,2
DA:55,2
LF:17
LH:17
end_of_record
SF:lib\domain\entities\movie_detail.dart
DA:5,5
DA:33,1
DA:34,1
DA:35,1
DA:36,1
DA:37,1
DA:38,1
DA:39,1
DA:40,1
DA:41,1
DA:42,1
DA:43,1
DA:44,1
DA:45,1
LF:14
LH:14
end_of_record
SF:lib\domain\entities\tv\tv.dart
DA:4,7
DA:20,1
DA:41,2
DA:42,2
DA:43,2
DA:45,2
DA:46,2
DA:47,2
DA:48,2
DA:49,2
DA:50,2
DA:51,2
DA:52,2
DA:53,2
DA:54,2
DA:55,2
LF:16
LH:16
end_of_record
SF:lib\domain\entities\tv\tv_detail.dart
DA:5,5
DA:58,1
DA:59,1
DA:61,1
DA:62,1
DA:63,1
DA:64,1
DA:65,1
DA:66,1
DA:67,1
DA:68,1
DA:69,1
DA:70,1
DA:72,1
DA:73,1
DA:74,1
DA:75,1
DA:76,1
DA:77,1
DA:78,1
DA:79,1
DA:80,1
DA:81,1
DA:82,1
DA:83,1
DA:84,1
LF:26
LH:26
end_of_record
SF:lib\utils\failure.dart
DA:6,2
DA:8,2
DA:9,4
DA:13,4
DA:17,4
DA:21,4
LF:6
LH:6
end_of_record
SF:lib\data\datasources\db\database_helper.dart
DA:8,0
DA:12,0
DA:16,0
DA:18,0
DA:25,0
DA:26,0
DA:27,0
DA:29,0
DA:33,0
DA:34,0
DA:41,0
DA:44,0
DA:45,0
DA:46,0
DA:49,0
DA:50,0
DA:51,0
DA:54,0
DA:58,0
DA:59,0
DA:60,0
DA:63,0
DA:66,0
DA:67,0
DA:73,0
DA:74,0
DA:75,0
LF:27
LH:0
end_of_record
SF:lib\data\datasources\movie_remote_data_source.dart
DA:24,1
DA:27,1
DA:29,5
DA:31,2
DA:32,4
DA:34,1
DA:39,1
DA:41,5
DA:43,2
DA:44,3
DA:46,1
DA:51,1
DA:52,2
DA:53,3
DA:55,2
DA:56,4
DA:58,1
DA:63,1
DA:65,5
DA:67,2
DA:68,4
DA:70,1
DA:75,1
DA:77,5
DA:79,2
DA:80,4
DA:82,1
DA:87,1
DA:88,2
DA:89,3
DA:91,2
DA:92,4
DA:94,1
LF:33
LH:33
end_of_record
SF:lib\data\models\movie_detail_model.dart
DA:6,2
DA:52,1
DA:53,1
DA:54,1
DA:55,1
DA:56,1
DA:57,1
DA:58,4
DA:59,1
DA:60,1
DA:61,1
DA:62,1
DA:63,1
DA:64,1
DA:65,2
DA:66,1
DA:67,1
DA:68,1
DA:69,1
DA:70,1
DA:71,1
DA:72,1
DA:73,1
DA:74,2
DA:75,1
DA:78,0
DA:79,0
DA:80,0
DA:81,0
DA:82,0
DA:83,0
DA:84,0
DA:85,0
DA:86,0
DA:87,0
DA:88,0
DA:89,0
DA:90,0
DA:91,0
DA:92,0
DA:93,0
DA:94,0
DA:95,0
DA:96,0
DA:97,0
DA:98,0
DA:99,0
DA:102,1
DA:103,1
DA:104,1
DA:105,1
DA:106,5
DA:107,1
DA:108,1
DA:109,1
DA:110,1
DA:111,1
DA:112,1
DA:113,1
DA:114,1
DA:115,1
DA:119,1
DA:121,1
DA:122,1
DA:123,1
DA:124,1
DA:125,1
DA:126,1
DA:127,1
DA:128,1
DA:129,1
DA:130,1
DA:131,1
DA:132,1
DA:133,1
DA:134,1
DA:135,1
DA:136,1
DA:137,1
DA:138,1
DA:139,1
DA:140,1
DA:141,1
DA:142,1
LF:84
LH:62
end_of_record
SF:lib\data\models\movie_model.dart
DA:5,4
DA:35,4
DA:36,2
DA:37,2
DA:38,8
DA:39,2
DA:40,2
DA:41,2
DA:42,4
DA:43,2
DA:44,2
DA:45,2
DA:46,2
DA:47,4
DA:48,2
DA:51,2
DA:52,1
DA:53,1
DA:54,4
DA:55,1
DA:56,1
DA:57,1
DA:58,1
DA:59,1
DA:60,1
DA:61,1
DA:62,1
DA:63,1
DA:64,1
DA:67,2
DA:68,2
DA:69,2
DA:70,2
DA:71,2
DA:72,2
DA:73,2
DA:74,2
DA:75,2
DA:76,2
DA:77,2
DA:78,2
DA:79,2
DA:80,2
DA:81,2
DA:85,2
DA:86,2
DA:87,2
DA:88,2
DA:89,2
DA:90,2
DA:91,2
DA:92,2
DA:93,2
DA:94,2
DA:95,2
DA:96,2
DA:97,2
DA:98,2
DA:99,2
LF:59
LH:59
end_of_record
SF:lib\data\models\movie_response.dart
DA:7,2
DA:9,4
DA:10,4
DA:11,6
DA:12,6
DA:15,2
DA:16,5
DA:19,1
DA:20,2
LF:9
LH:9
end_of_record
SF:lib\data\models\genre_model.dart
DA:5,4
DA:13,4
DA:14,2
DA:15,2
DA:18,0
DA:19,0
DA:20,0
DA:23,2
DA:24,6
DA:27,2
DA:28,6
LF:11
LH:8
end_of_record
SF:lib\data\datasources\tv_local_data_resource.dart
DA:15,1
DA:18,1
DA:20,3
DA:23,2
DA:28,1
DA:30,3
DA:33,2
DA:38,1
DA:39,3
DA:41,1
DA:48,1
DA:49,3
DA:50,4
LF:13
LH:13
end_of_record
SF:lib\data\datasources\db\database_helper_tv.dart
DA:6,0
DA:10,0
DA:14,0
DA:15,0
DA:21,0
DA:22,0
DA:23,0
DA:25,0
DA:29,0
DA:30,0
DA:37,0
DA:41,0
DA:42,0
DA:43,0
DA:46,0
DA:47,0
DA:48,0
DA:51,0
DA:55,0
DA:56,0
DA:57,0
DA:60,0
DA:63,0
DA:64,0
DA:70,0
DA:71,0
DA:72,0
LF:27
LH:0
end_of_record
SF:lib\data\datasources\tv_remote_data_resource.dart
DA:24,1
DA:27,1
DA:29,5
DA:31,2
DA:33,3
DA:34,1
DA:36,1
DA:41,1
DA:43,5
DA:45,2
DA:46,3
DA:48,1
DA:53,1
DA:54,2
DA:55,3
DA:57,2
DA:59,3
DA:60,1
DA:62,1
DA:67,1
DA:69,5
DA:71,2
DA:73,3
DA:74,1
DA:76,1
DA:81,1
DA:83,5
DA:85,2
DA:87,3
DA:88,1
DA:90,1
DA:95,1
DA:96,2
DA:97,3
DA:99,2
DA:101,3
DA:102,1
DA:104,1
LF:38
LH:38
end_of_record
SF:lib\data\models\tv\tv_detail_model.dart
DA:6,2
DA:61,2
DA:63,1
DA:64,4
DA:65,2
DA:66,5
DA:67,1
DA:68,1
DA:69,1
DA:70,4
DA:71,2
DA:72,1
DA:74,1
DA:75,1
DA:76,4
DA:77,1
DA:78,1
DA:79,1
DA:80,2
DA:81,1
DA:82,1
DA:83,1
DA:84,1
DA:85,2
DA:86,1
DA:89,0
DA:90,0
DA:91,0
DA:92,0
DA:93,0
DA:94,0
DA:95,0
DA:96,0
DA:97,0
DA:98,0
DA:99,0
DA:101,0
DA:102,0
DA:103,0
DA:104,0
DA:105,0
DA:106,0
DA:107,0
DA:108,0
DA:109,0
DA:110,0
DA:111,0
DA:112,0
DA:113,0
DA:116,1
DA:117,1
DA:118,1
DA:119,1
DA:120,1
DA:121,5
DA:122,1
DA:123,1
DA:124,1
DA:125,1
DA:126,1
DA:127,1
DA:129,1
DA:130,1
DA:131,1
DA:132,1
DA:133,1
DA:134,1
DA:135,1
DA:136,1
DA:137,1
DA:138,1
DA:139,1
DA:140,1
DA:141,1
DA:145,1
DA:146,1
DA:147,1
DA:148,1
DA:149,1
DA:150,1
DA:151,1
DA:152,1
DA:153,1
DA:154,1
DA:155,1
DA:156,1
DA:158,1
DA:159,1
DA:160,1
DA:161,1
DA:162,1
DA:163,1
DA:164,1
DA:165,1
DA:166,1
DA:167,1
DA:168,1
DA:169,1
DA:170,1
LF:99
LH:75
end_of_record
SF:lib\data\models\tv\tv_model.dart
DA:5,4
DA:35,4
DA:36,2
DA:38,8
DA:39,2
DA:40,2
DA:41,8
DA:42,2
DA:43,2
DA:44,2
DA:45,4
DA:46,2
DA:47,4
DA:48,2
DA:51,2
DA:52,1
DA:54,4
DA:55,1
DA:56,1
DA:57,4
DA:58,1
DA:59,1
DA:60,1
DA:61,1
DA:62,1
DA:63,1
DA:64,1
DA:67,2
DA:68,2
DA:69,2
DA:71,2
DA:72,2
DA:73,2
DA:74,2
DA:75,2
DA:76,2
DA:77,2
DA:78,2
DA:79,2
DA:80,2
DA:81,2
DA:85,2
DA:86,2
DA:87,2
DA:89,2
DA:90,2
DA:91,2
DA:92,2
DA:93,2
DA:94,2
DA:95,2
DA:96,2
DA:97,2
DA:98,2
DA:99,2
LF:55
LH:55
end_of_record
SF:lib\data\models\tv\tv_response.dart
DA:7,2
DA:9,4
DA:10,4
DA:11,6
DA:12,6
DA:15,2
DA:16,5
DA:19,1
DA:20,2
LF:9
LH:9
end_of_record
SF:lib\data\repositories\movie_repository_impl.dart
DA:17,1
DA:23,1
DA:25,3
DA:26,5
DA:27,1
DA:28,2
DA:29,1
DA:30,2
DA:35,1
DA:37,3
DA:38,2
DA:39,1
DA:40,2
DA:41,1
DA:42,2
DA:47,1
DA:49,3
DA:50,3
DA:51,1
DA:52,2
DA:53,1
DA:54,2
DA:59,1
DA:61,3
DA:62,5
DA:63,1
DA:64,2
DA:65,1
DA:66,2
DA:71,1
DA:73,3
DA:74,5
DA:75,1
DA:76,2
DA:77,1
DA:78,2
DA:83,1
DA:85,3
DA:86,5
DA:87,1
DA:88,2
DA:89,1
DA:90,2
DA:95,1
DA:98,4
DA:99,1
DA:100,1
DA:101,3
DA:108,1
DA:111,4
DA:112,1
DA:113,1
DA:114,3
DA:119,1
DA:120,3
DA:125,1
DA:126,3
DA:127,5
LF:58
LH:58
end_of_record
SF:lib\domain\usecases\get_movie_detail.dart
DA:9,1
DA:11,1
DA:12,2
LF:3
LH:3
end_of_record
SF:lib\data\repositories\tv_repository_impl.dart
DA:16,1
DA:22,1
DA:24,3
DA:25,5
DA:26,1
DA:27,2
DA:28,1
DA:29,2
DA:34,1
DA:36,3
DA:37,2
DA:38,1
DA:39,2
DA:40,1
DA:41,2
DA:46,1
DA:48,3
DA:49,3
DA:50,1
DA:51,2
DA:52,1
DA:53,2
DA:58,1
DA:60,3
DA:61,5
DA:62,1
DA:63,2
DA:64,1
DA:65,2
DA:70,1
DA:72,3
DA:73,5
DA:74,1
DA:75,2
DA:76,1
DA:77,2
DA:82,1
DA:84,3
DA:85,5
DA:86,1
DA:87,2
DA:88,1
DA:89,2
DA:94,1
DA:97,4
DA:98,1
DA:99,1
DA:100,3
DA:107,1
DA:110,4
DA:111,1
DA:112,1
DA:113,3
DA:118,1
DA:119,3
DA:124,1
DA:125,3
DA:126,5
LF:58
LH:58
end_of_record
SF:lib\domain\usecases\get_movie_recommendations.dart
DA:9,1
DA:11,1
DA:12,2
LF:3
LH:3
end_of_record
SF:lib\domain\usecases\get_now_playing_movies.dart
DA:9,1
DA:11,1
DA:12,2
LF:3
LH:3
end_of_record
SF:lib\domain\usecases\get_popular_movies.dart
DA:9,1
DA:11,1
DA:12,2
LF:3
LH:3
end_of_record
SF:lib\domain\usecases\get_top_rated_movies.dart
DA:9,1
DA:11,1
DA:12,2
LF:3
LH:3
end_of_record
SF:lib\domain\usecases\get_watchlist_movies.dart
DA:9,1
DA:11,1
DA:12,2
LF:3
LH:3
end_of_record
SF:lib\domain\usecases\get_watchlist_status.dart
DA:6,1
DA:8,1
DA:9,2
LF:3
LH:3
end_of_record
SF:lib\domain\usecases\remove_watchlist.dart
DA:9,1
DA:11,1
DA:12,2
LF:3
LH:3
end_of_record
SF:lib\domain\usecases\save_watchlist.dart
DA:9,1
DA:11,1
DA:12,2
LF:3
LH:3
end_of_record
SF:lib\domain\usecases\tv\get_tv_detail.dart
DA:8,1
DA:9,1
DA:10,2
LF:3
LH:3
end_of_record
SF:lib\domain\usecases\tv\get_now_playing_tv.dart
DA:7,1
DA:8,1
DA:9,2
LF:3
LH:3
end_of_record
SF:lib\domain\usecases\tv\get_popular_tv.dart
DA:8,1
DA:9,1
DA:10,2
LF:3
LH:3
end_of_record
SF:lib\domain\usecases\tv\get_tv_recommendations.dart
DA:8,1
DA:9,1
DA:10,2
LF:3
LH:3
end_of_record
SF:lib\domain\usecases\tv\get_top_rated_tv.dart
DA:8,1
DA:9,1
DA:10,2
LF:3
LH:3
end_of_record
SF:lib\domain\usecases\tv\get_watchlist_status_tv.dart
DA:5,1
DA:6,1
DA:7,2
LF:3
LH:3
end_of_record
SF:lib\domain\usecases\tv\get_watchlist_tv.dart
DA:8,1
DA:9,1
DA:10,2
LF:3
LH:3
end_of_record
SF:lib\domain\usecases\tv\remove_watchlist_tv.dart
DA:8,1
DA:9,1
DA:10,2
LF:3
LH:3
end_of_record
SF:lib\domain\usecases\tv\save_watchlist_tv.dart
DA:8,1
DA:9,1
DA:10,2
LF:3
LH:3
end_of_record
SF:lib\presentation\pages\movie_detail_page.dart
DA:19,1
DA:21,1
DA:22,1
DA:26,1
DA:28,1
DA:29,2
DA:30,2
DA:31,4
DA:32,2
DA:33,4
DA:37,1
DA:39,1
DA:40,0
DA:41,0
DA:42,0
DA:43,0
DA:44,0
DA:45,0
DA:46,0
DA:47,0
DA:48,0
DA:49,0
DA:50,0
DA:51,0
DA:52,0
DA:54,0
DA:55,0
DA:60,1
DA:61,1
DA:62,1
DA:63,1
DA:64,1
DA:65,2
DA:66,1
DA:67,1
DA:68,3
DA:69,1
DA:70,2
DA:88,1
DA:90,1
DA:92,3
DA:93,1
DA:94,1
DA:95,1
DA:96,3
DA:98,1
DA:101,0
DA:103,1
DA:105,1
DA:106,1
DA:107,1
DA:117,1
DA:118,1
DA:119,1
DA:121,1
DA:123,1
DA:125,1
DA:126,1
DA:127,2
DA:128,1
DA:130,1
DA:131,0
DA:132,0
DA:134,0
DA:135,0
DA:137,0
DA:138,0
DA:141,0
DA:142,0
DA:144,0
DA:145,0
DA:148,1
DA:150,1
DA:151,1
DA:158,1
DA:159,3
DA:161,1
DA:162,3
DA:164,1
DA:165,1
DA:166,1
DA:167,3
DA:169,1
DA:175,4
DA:178,1
DA:179,1
DA:181,1
DA:183,1
DA:184,2
DA:186,1
DA:187,2
DA:188,1
DA:190,1
DA:192,0
DA:193,1
DA:195,1
DA:197,1
DA:198,2
DA:199,1
DA:201,1
DA:202,0
DA:203,0
DA:206,0
DA:209,1
DA:213,1
DA:214,1
DA:215,2
DA:216,1
DA:220,0
DA:221,0
DA:227,2
DA:234,1
DA:236,1
DA:251,1
DA:253,1
DA:256,1
DA:257,1
DA:258,0
DA:259,0
DA:268,1
DA:270,2
DA:271,3
DA:274,1
DA:278,3
DA:281,1
DA:282,1
DA:283,1
DA:285,1
DA:286,1
DA:288,0
LF:130
LH:95
end_of_record
SF:lib\presentation\bloc\movie\movie_detail_state.dart
DA:6,0
DA:7,0
DA:11,0
DA:12,0
DA:17,1
DA:19,0
DA:20,0
DA:26,1
DA:28,0
DA:29,0
LF:10
LH:2
end_of_record
SF:lib\presentation\bloc\movie\movie_detail_event.dart
DA:7,1
DA:9,0
DA:10,0
LF:3
LH:1
end_of_record
SF:lib\presentation\bloc\movie\movie_detail_bloc.dart
DA:16,0
DA:19,0
DA:20,0
DA:23,0
DA:25,0
DA:26,0
DA:28,0
DA:29,0
DA:30,0
DA:31,0
DA:32,0
DA:33,0
DA:34,0
DA:35,0
LF:14
LH:0
end_of_record
SF:lib\presentation\bloc\movie\watchlist_movie_status_state.dart
DA:6,0
DA:7,0
DA:13,1
DA:15,0
DA:16,0
LF:5
LH:1
end_of_record
SF:lib\presentation\bloc\movie\watchlist_movie_status_bloc.dart
DA:13,0
DA:15,0
DA:16,0
DA:19,0
DA:21,0
DA:22,0
LF:6
LH:0
end_of_record
SF:lib\presentation\bloc\movie\watchlist_movie_status_event.dart
DA:7,1
DA:9,0
DA:10,0
LF:3
LH:1
end_of_record
SF:lib\presentation\bloc\movie\watchlist_movie_modify_event.dart
DA:7,0
DA:9,0
DA:10,0
DA:15,0
DA:17,0
DA:18,0
LF:6
LH:0
end_of_record
SF:lib\presentation\bloc\movie\watchlist_movie_modify_bloc.dart
DA:15,0
DA:18,0
DA:19,0
DA:20,0
DA:23,0
DA:25,0
DA:26,0
DA:28,0
DA:29,0
DA:30,0
DA:34,0
DA:36,0
DA:37,0
DA:39,0
DA:40,0
DA:41,0
LF:16
LH:0
end_of_record
SF:lib\presentation\bloc\movie\watchlist_movie_modify_state.dart
DA:6,0
DA:7,0
DA:11,0
DA:12,0
DA:17,0
DA:19,0
DA:20,0
DA:25,0
DA:27,0
DA:28,0
DA:33,0
DA:35,0
DA:36,0
LF:13
LH:0
end_of_record
SF:lib\styles\text_styles.dart
DA:6,4
DA:7,2
DA:8,24
DA:10,6
DA:12,6
DA:16,6
DA:17,2
DA:18,2
DA:19,2
DA:20,2
LF:10
LH:10
end_of_record
SF:lib\utils\state_enum.dart
DA:1,8
LF:1
LH:1
end_of_record
SF:lib\utils\utils.dart
DA:20,0
LF:1
LH:0
end_of_record
SF:lib\presentation\pages\popular_movies_page.dart
DA:7,1
DA:9,1
DA:10,1
DA:14,1
DA:16,1
DA:17,2
DA:18,4
DA:21,1
DA:23,1
DA:24,1
DA:25,1
DA:27,1
DA:29,1
DA:30,1
DA:31,1
DA:33,1
DA:34,1
DA:35,1
DA:36,2
DA:37,1
DA:39,2
LF:21
LH:21
end_of_record
SF:lib\presentation\bloc\movie\popular_movie_state.dart
DA:6,0
DA:7,0
DA:11,0
DA:12,0
DA:17,1
DA:19,0
DA:20,0
DA:25,1
DA:27,0
DA:28,0
LF:10
LH:2
end_of_record
SF:lib\presentation\bloc\movie\popular_movie_bloc.dart
DA:13,0
DA:15,0
DA:16,0
DA:19,0
DA:21,0
DA:22,0
DA:23,0
DA:24,0
DA:25,0
LF:9
LH:0
end_of_record
SF:lib\presentation\bloc\movie\popular_movie_event.dart
DA:6,0
DA:7,0
LF:2
LH:0
end_of_record
SF:lib\presentation\widgets\movie_card_list.dart
DA:11,3
DA:13,3
DA:15,3
DA:17,3
DA:18,0
DA:19,0
DA:22,0
DA:25,3
DA:27,3
DA:28,3
DA:29,3
DA:35,3
DA:37,3
DA:38,3
DA:39,6
DA:42,3
DA:44,3
DA:45,3
DA:46,6
DA:54,3
DA:59,3
DA:60,3
DA:61,9
DA:63,6
DA:64,3
DA:66,0
DA:68,6
LF:27
LH:23
end_of_record
SF:lib\presentation\pages\top_rated_movies_page.dart
DA:7,1
DA:9,1
DA:10,1
DA:14,1
DA:16,1
DA:17,4
DA:18,2
DA:21,1
DA:23,1
DA:24,1
DA:25,1
DA:27,1
DA:29,1
DA:30,1
DA:31,1
DA:35,1
DA:36,1
DA:37,1
DA:38,2
DA:39,1
DA:41,2
LF:21
LH:21
end_of_record
SF:lib\presentation\bloc\movie\top_rated_movie_bloc.dart
DA:14,0
DA:16,0
DA:17,0
DA:20,0
DA:22,0
DA:23,0
DA:24,0
DA:25,0
DA:26,0
LF:9
LH:0
end_of_record
SF:lib\presentation\bloc\movie\top_rated_movie_event.dart
DA:6,0
DA:7,0
LF:2
LH:0
end_of_record
SF:lib\presentation\bloc\movie\top_rated_movie_state.dart
DA:6,0
DA:7,0
DA:11,0
DA:12,0
DA:17,1
DA:19,0
DA:20,0
DA:25,1
DA:27,0
DA:28,0
LF:10
LH:2
end_of_record
SF:lib\presentation\pages\watchlist_movies_page.dart
DA:7,1
DA:9,1
DA:10,1
DA:14,1
DA:16,1
DA:17,1
DA:19,1
DA:20,1
DA:21,1
DA:25,1
DA:26,1
DA:27,1
DA:28,2
DA:29,1
DA:31,2
DA:33,1
DA:36,1
DA:37,1
DA:38,2
LF:19
LH:19
end_of_record
SF:lib\presentation\bloc\movie\watchlist_movie_bloc.dart
DA:14,0
DA:16,0
DA:17,0
DA:20,0
DA:22,0
DA:23,0
DA:24,0
DA:25,0
DA:26,0
DA:27,0
DA:28,0
LF:11
LH:0
end_of_record
SF:lib\presentation\bloc\movie\watchlist_movie_state.dart
DA:6,0
DA:7,0
DA:11,0
DA:12,0
DA:17,1
DA:19,0
DA:20,0
DA:25,1
DA:27,0
DA:28,0
LF:10
LH:2
end_of_record
SF:lib\presentation\bloc\movie\watchlist_movie_event.dart
DA:6,0
DA:7,0
LF:2
LH:0
end_of_record
SF:lib\presentation\pages\tv\page_popular.dart
DA:8,1
DA:10,1
DA:11,1
DA:15,1
DA:17,1
DA:18,1
DA:19,5
DA:22,1
DA:24,1
DA:25,1
DA:28,1
DA:30,1
DA:31,1
DA:32,1
DA:36,1
DA:37,1
DA:38,1
DA:39,2
DA:40,1
DA:42,2
LF:20
LH:20
end_of_record
SF:lib\presentation\bloc\tv\popular_tv_state.dart
DA:6,0
DA:7,0
DA:11,0
DA:12,0
DA:17,1
DA:19,0
DA:20,0
DA:25,1
DA:27,0
DA:28,0
LF:10
LH:2
end_of_record
SF:lib\presentation\bloc\tv\popular_tv_bloc.dart
DA:13,0
DA:15,0
DA:16,0
DA:19,0
DA:21,0
DA:22,0
DA:23,0
DA:24,0
DA:25,0
LF:9
LH:0
end_of_record
SF:lib\presentation\bloc\tv\popular_tv_event.dart
DA:6,0
DA:7,0
LF:2
LH:0
end_of_record
SF:lib\presentation\widgets\tv_card_list.dart
DA:11,3
DA:13,3
DA:15,3
DA:17,3
DA:18,0
DA:19,0
DA:22,0
DA:25,3
DA:27,3
DA:28,3
DA:29,3
DA:35,3
DA:37,3
DA:38,3
DA:39,6
DA:42,3
DA:44,3
DA:45,3
DA:46,6
DA:54,3
DA:59,3
DA:60,3
DA:61,9
DA:63,6
DA:64,3
DA:66,0
DA:68,6
LF:27
LH:23
end_of_record
SF:lib\presentation\bloc\tv\top_rated_tv_state.dart
DA:6,0
DA:7,0
DA:11,0
DA:12,0
DA:17,1
DA:19,0
DA:20,0
DA:25,1
DA:27,0
DA:28,0
LF:10
LH:2
end_of_record
SF:lib\presentation\bloc\tv\top_rated_tv_bloc.dart
DA:13,0
DA:15,0
DA:16,0
DA:19,0
DA:21,0
DA:22,0
DA:23,0
DA:24,0
DA:25,0
LF:9
LH:0
end_of_record
SF:lib\presentation\bloc\tv\top_rated_tv_event.dart
DA:6,0
DA:7,0
LF:2
LH:0
end_of_record
SF:lib\presentation\pages\tv\page_top_rated.dart
DA:8,1
DA:10,1
DA:11,1
DA:15,1
DA:17,1
DA:18,1
DA:19,5
DA:22,1
DA:24,1
DA:25,1
DA:26,1
DA:28,1
DA:30,1
DA:31,1
DA:32,1
DA:36,1
DA:37,1
DA:38,1
DA:39,2
DA:40,1
DA:42,2
LF:21
LH:21
end_of_record
SF:lib\presentation\pages\tv\page_detail.dart
DA:20,1
DA:22,1
DA:23,1
DA:27,1
DA:29,1
DA:30,2
DA:31,6
DA:32,2
DA:33,4
DA:37,1
DA:39,1
DA:40,0
DA:41,0
DA:42,0
DA:43,0
DA:44,0
DA:45,0
DA:46,0
DA:47,0
DA:48,0
DA:49,0
DA:50,0
DA:51,0
DA:52,0
DA:54,0
DA:55,0
DA:60,1
DA:61,1
DA:62,1
DA:63,1
DA:64,1
DA:65,2
DA:66,1
DA:67,1
DA:68,3
DA:69,1
DA:70,2
DA:88,1
DA:90,1
DA:92,3
DA:93,1
DA:94,1
DA:95,1
DA:96,3
DA:98,1
DA:101,0
DA:103,1
DA:105,1
DA:106,1
DA:107,1
DA:117,1
DA:118,1
DA:119,1
DA:121,1
DA:123,1
DA:125,1
DA:126,1
DA:127,2
DA:128,1
DA:130,1
DA:131,0
DA:132,0
DA:134,0
DA:135,0
DA:137,0
DA:138,0
DA:141,0
DA:142,0
DA:144,0
DA:145,0
DA:148,1
DA:150,1
DA:151,1
DA:158,1
DA:159,3
DA:161,1
DA:162,1
DA:163,1
DA:164,3
DA:166,1
DA:172,4
DA:175,1
DA:176,1
DA:178,1
DA:180,1
DA:181,2
DA:183,1
DA:184,2
DA:185,1
DA:187,1
DA:189,0
DA:190,1
DA:192,1
DA:194,1
DA:195,2
DA:196,1
DA:198,1
DA:199,0
DA:200,0
DA:203,0
DA:206,1
DA:210,1
DA:211,1
DA:212,2
DA:213,1
DA:217,0
DA:218,0
DA:224,2
DA:231,1
DA:233,1
DA:248,1
DA:250,1
DA:253,1
DA:254,1
DA:255,0
DA:256,0
DA:265,1
DA:267,2
DA:268,3
DA:271,1
DA:275,3
LF:121
LH:87
end_of_record
SF:lib\presentation\bloc\tv\tv_detail_event.dart
DA:7,1
DA:9,0
DA:10,0
LF:3
LH:1
end_of_record
SF:lib\presentation\bloc\tv\tv_detail_state.dart
DA:6,0
DA:7,0
DA:11,0
DA:12,0
DA:17,1
DA:19,0
DA:20,0
DA:26,1
DA:28,0
DA:29,0
LF:10
LH:2
end_of_record
SF:lib\presentation\bloc\tv\tv_detail_bloc.dart
DA:16,0
DA:19,0
DA:20,0
DA:23,0
DA:25,0
DA:26,0
DA:28,0
DA:29,0
DA:30,0
DA:31,0
DA:32,0
DA:33,0
DA:34,0
DA:35,0
LF:14
LH:0
end_of_record
SF:lib\presentation\bloc\tv\watchlist_tv_status_event.dart
DA:7,1
DA:9,0
DA:10,0
LF:3
LH:1
end_of_record
SF:lib\presentation\bloc\tv\watchlist_tv_status_state.dart
DA:6,0
DA:7,0
DA:13,1
DA:15,0
DA:16,0
LF:5
LH:1
end_of_record
SF:lib\presentation\bloc\tv\watchlist_tv_status_bloc.dart
DA:13,0
DA:15,0
DA:16,0
DA:19,0
DA:21,0
DA:22,0
LF:6
LH:0
end_of_record
SF:lib\presentation\bloc\tv\watchlist_tv_modify_event.dart
DA:7,0
DA:9,0
DA:10,0
DA:15,0
DA:17,0
DA:18,0
LF:6
LH:0
end_of_record
SF:lib\presentation\bloc\tv\watchlist_tv_modify_state.dart
DA:6,0
DA:7,0
DA:11,0
DA:12,0
DA:17,0
DA:19,0
DA:20,0
DA:25,0
DA:27,0
DA:28,0
DA:33,0
DA:35,0
DA:36,0
LF:13
LH:0
end_of_record
SF:lib\presentation\bloc\tv\watchlist_tv_modify_bloc.dart
DA:14,0
DA:17,0
DA:18,0
DA:19,0
DA:22,0
DA:23,0
DA:24,0
DA:26,0
DA:27,0
DA:28,0
DA:32,0
DA:34,0
DA:35,0
DA:37,0
DA:38,0
DA:39,0
LF:16
LH:0
end_of_record
SF:lib\presentation\bloc\tv\watchlist_tv_state.dart
DA:6,0
DA:7,0
DA:11,0
DA:12,0
DA:17,1
DA:19,0
DA:20,0
DA:25,1
DA:27,0
DA:28,0
LF:10
LH:2
end_of_record
SF:lib\presentation\bloc\tv\watchlist_tv_event.dart
DA:6,0
DA:7,0
LF:2
LH:0
end_of_record
SF:lib\presentation\bloc\tv\watchlist_tv_bloc.dart
DA:12,0
DA:14,0
DA:15,0
DA:18,0
DA:20,0
DA:21,0
DA:22,0
DA:23,0
DA:24,0
DA:25,0
DA:26,0
LF:11
LH:0
end_of_record
SF:lib\presentation\pages\tv\page_watchlist.dart
DA:9,1
DA:11,1
DA:12,1
DA:16,1
DA:18,1
DA:19,1
DA:21,1
DA:22,1
DA:23,1
DA:27,1
DA:28,1
DA:29,1
DA:30,2
DA:31,1
DA:33,2
DA:35,1
DA:38,1
DA:40,2
LF:18
LH:18
end_of_record
