SF:lib\domain\search_tv.dart
DA:11,1
DA:13,1
DA:14,2
LF:3
LH:3
end_of_record
SF:lib\domain\search_movies.dart
DA:9,1
DA:11,1
DA:12,2
LF:3
LH:3
end_of_record
SF:lib\presentation\bloc\movie\search_event.dart
DA:8,2
DA:10,0
DA:11,0
LF:3
LH:1
end_of_record
SF:lib\presentation\bloc\movie\search_state.dart
DA:6,1
DA:7,1
DA:11,1
DA:12,1
DA:18,2
DA:20,1
DA:21,2
DA:27,2
DA:29,1
DA:30,2
LF:10
LH:10
end_of_record
SF:lib\presentation\bloc\movie\search_bloc.dart
DA:14,3
DA:15,2
DA:16,1
DA:18,2
DA:19,3
DA:21,2
DA:22,3
DA:23,1
DA:24,2
DA:26,1
DA:29,1
DA:31,3
LF:12
LH:12
end_of_record
SF:lib\presentation\bloc\tv\search_state.dart
DA:6,1
DA:7,1
DA:11,1
DA:12,1
DA:18,2
DA:20,1
DA:21,2
DA:27,2
DA:29,1
DA:30,2
LF:10
LH:10
end_of_record
SF:lib\presentation\bloc\tv\search_event.dart
DA:8,2
DA:10,0
DA:11,0
LF:3
LH:1
end_of_record
SF:lib\presentation\bloc\tv\search_bloc.dart
DA:12,3
DA:13,2
DA:14,1
DA:16,2
DA:17,3
DA:19,2
DA:20,3
DA:21,1
DA:22,2
DA:24,1
DA:27,1
DA:29,3
LF:12
LH:12
end_of_record
SF:lib\presentation\pages\page_search.dart
DA:11,1
DA:13,1
DA:15,1
DA:17,1
DA:18,1
DA:21,1
DA:23,1
DA:25,1
DA:26,1
DA:28,1
DA:30,1
DA:31,2
DA:32,3
DA:41,1
DA:42,1
DA:44,1
DA:46,1
DA:47,1
DA:48,1
DA:49,1
DA:50,1
DA:51,1
DA:57,1
DA:58,1
DA:59,1
DA:60,1
DA:61,1
DA:63,1
DA:64,1
DA:65,1
DA:67,3
DA:68,2
DA:69,2
DA:70,1
LF:34
LH:34
end_of_record
